yarn run v1.22.19
$ storybook build --output-dir /var/folders/tx/68x7nyyx5c34x6th539mlx680000gn/T/chromatic--10311-wd0QanQ7NeWr
@storybook/cli v7.5.3

info => Cleaning outputDir: /var/folders/tx/68x7nyyx5c34x6th539mlx680000gn/T/chromatic--10311-wd0QanQ7NeWr
info => Loading presets
info => Building manager..
info => Manager built (551 ms)
info => Building preview..
info => Copying static files: /Users/aslsilokeransez270/Desktop/learnstorybook-design-system/node_modules/@storybook/manager/static at /var/folders/tx/68x7nyyx5c34x6th539mlx680000gn/T/chromatic--10311-wd0QanQ7NeWr/sb-common-assets
vite v4.3.9 building for production...

./sb-common-assets/fonts.css doesn't exist at build time, it will remain unchanged to be resolved at runtime
transforming...
node_modules/telejson/dist/index.mjs (1413:15) Use of eval in "node_modules/telejson/dist/index.mjs" is strongly discouraged as it poses security risks and may cause issues with minification.
node_modules/telejson/dist/index.mjs (1416:18) Use of eval in "node_modules/telejson/dist/index.mjs" is strongly discouraged as it poses security risks and may cause issues with minification.
✓ 1417 modules transformed.
rendering chunks...
computing gzip size...
../../../../var/folders/tx/68x7nyyx5c34x6th539mlx680000gn/T/chromatic--10311-wd0QanQ7NeWr/assets/youtube-9f26eb0b.svg                                                   0.72 kB │ gzip:   0.36 kB
../../../../var/folders/tx/68x7nyyx5c34x6th539mlx680000gn/T/chromatic--10311-wd0QanQ7NeWr/assets/tutorials-adff6365.svg                                                 1.27 kB │ gzip:   0.63 kB
../../../../var/folders/tx/68x7nyyx5c34x6th539mlx680000gn/T/chromatic--10311-wd0QanQ7NeWr/assets/discord-f7d1b78c.svg                                                   2.41 kB │ gzip:   1.15 kB
../../../../var/folders/tx/68x7nyyx5c34x6th539mlx680000gn/T/chromatic--10311-wd0QanQ7NeWr/assets/github-cdfc3270.svg                                                    2.72 kB │ gzip:   1.28 kB
../../../../var/folders/tx/68x7nyyx5c34x6th539mlx680000gn/T/chromatic--10311-wd0QanQ7NeWr/assets/context-c612d889.png                                                   6.12 kB
../../../../var/folders/tx/68x7nyyx5c34x6th539mlx680000gn/T/chromatic--10311-wd0QanQ7NeWr/assets/styling-c83082e0.png                                                   7.24 kB
../../../../var/folders/tx/68x7nyyx5c34x6th539mlx680000gn/T/chromatic--10311-wd0QanQ7NeWr/iframe.html                                                                  12.71 kB │ gzip:   3.57 kB
../../../../var/folders/tx/68x7nyyx5c34x6th539mlx680000gn/T/chromatic--10311-wd0QanQ7NeWr/assets/docs-5b0c7100.png                                                     27.88 kB
../../../../var/folders/tx/68x7nyyx5c34x6th539mlx680000gn/T/chromatic--10311-wd0QanQ7NeWr/assets/share-b59d6c77.png                                                    40.77 kB
../../../../var/folders/tx/68x7nyyx5c34x6th539mlx680000gn/T/chromatic--10311-wd0QanQ7NeWr/assets/accessibility-cd6d60f7.png                                            42.34 kB
../../../../var/folders/tx/68x7nyyx5c34x6th539mlx680000gn/T/chromatic--10311-wd0QanQ7NeWr/assets/figma-plugin-b0a5ad2d.png                                             44.25 kB
../../../../var/folders/tx/68x7nyyx5c34x6th539mlx680000gn/T/chromatic--10311-wd0QanQ7NeWr/assets/theming-b6e819c3.png                                                  44.37 kB
../../../../var/folders/tx/68x7nyyx5c34x6th539mlx680000gn/T/chromatic--10311-wd0QanQ7NeWr/assets/testing-6a59f681.png                                                  49.31 kB
../../../../var/folders/tx/68x7nyyx5c34x6th539mlx680000gn/T/chromatic--10311-wd0QanQ7NeWr/assets/addon-library-bc7ba705.png                                           467.37 kB
../../../../var/folders/tx/68x7nyyx5c34x6th539mlx680000gn/T/chromatic--10311-wd0QanQ7NeWr/assets/Header-a6911580.css                                                    0.51 kB │ gzip:   0.31 kB
../../../../var/folders/tx/68x7nyyx5c34x6th539mlx680000gn/T/chromatic--10311-wd0QanQ7NeWr/assets/Button-bc1a867b.css                                                    0.52 kB │ gzip:   0.29 kB
../../../../var/folders/tx/68x7nyyx5c34x6th539mlx680000gn/T/chromatic--10311-wd0QanQ7NeWr/assets/Page.stories-ece1482a.css                                              0.93 kB │ gzip:   0.39 kB
../../../../var/folders/tx/68x7nyyx5c34x6th539mlx680000gn/T/chromatic--10311-wd0QanQ7NeWr/assets/preview-ba2273f4.js                                                    0.19 kB │ gzip:   0.19 kB │ map:     0.70 kB
../../../../var/folders/tx/68x7nyyx5c34x6th539mlx680000gn/T/chromatic--10311-wd0QanQ7NeWr/assets/index-186b3228.js                                                      0.25 kB │ gzip:   0.20 kB │ map:     0.10 kB
../../../../var/folders/tx/68x7nyyx5c34x6th539mlx680000gn/T/chromatic--10311-wd0QanQ7NeWr/assets/emotion-use-insertion-effect-with-fallbacks.browser.esm-29d231ba.js    0.27 kB │ gzip:   0.23 kB │ map:     1.17 kB
../../../../var/folders/tx/68x7nyyx5c34x6th539mlx680000gn/T/chromatic--10311-wd0QanQ7NeWr/assets/WithTooltip-4HIR6TLV-3b3eb5dc.js                                       0.51 kB │ gzip:   0.31 kB │ map:     0.11 kB
../../../../var/folders/tx/68x7nyyx5c34x6th539mlx680000gn/T/chromatic--10311-wd0QanQ7NeWr/assets/syntaxhighlighter-NMPM6SWI-98631dbb.js                                 0.52 kB │ gzip:   0.33 kB │ map:     0.12 kB
../../../../var/folders/tx/68x7nyyx5c34x6th539mlx680000gn/T/chromatic--10311-wd0QanQ7NeWr/assets/index-1d576ef5.js                                                      0.53 kB │ gzip:   0.34 kB │ map:     4.30 kB
../../../../var/folders/tx/68x7nyyx5c34x6th539mlx680000gn/T/chromatic--10311-wd0QanQ7NeWr/assets/react-18-eea25a89.js                                                   0.59 kB │ gzip:   0.38 kB │ map:     2.67 kB
../../../../var/folders/tx/68x7nyyx5c34x6th539mlx680000gn/T/chromatic--10311-wd0QanQ7NeWr/assets/preview-96250b5b.js                                                    0.62 kB │ gzip:   0.39 kB │ map:     0.58 kB
../../../../var/folders/tx/68x7nyyx5c34x6th539mlx680000gn/T/chromatic--10311-wd0QanQ7NeWr/assets/preview-06eb91f1.js                                                    0.63 kB │ gzip:   0.41 kB │ map:     2.34 kB
../../../../var/folders/tx/68x7nyyx5c34x6th539mlx680000gn/T/chromatic--10311-wd0QanQ7NeWr/assets/preview-87eac49b.js                                                    0.68 kB │ gzip:   0.48 kB │ map:     3.99 kB
../../../../var/folders/tx/68x7nyyx5c34x6th539mlx680000gn/T/chromatic--10311-wd0QanQ7NeWr/assets/_commonjsHelpers-042e6b4d.js                                           0.78 kB │ gzip:   0.44 kB │ map:     0.11 kB
../../../../var/folders/tx/68x7nyyx5c34x6th539mlx680000gn/T/chromatic--10311-wd0QanQ7NeWr/assets/index-356e4a49.js                                                      0.81 kB │ gzip:   0.51 kB │ map:     3.28 kB
../../../../var/folders/tx/68x7nyyx5c34x6th539mlx680000gn/T/chromatic--10311-wd0QanQ7NeWr/assets/index-1fc0ca9a.js                                                      0.84 kB │ gzip:   0.55 kB │ map:     4.17 kB
../../../../var/folders/tx/68x7nyyx5c34x6th539mlx680000gn/T/chromatic--10311-wd0QanQ7NeWr/assets/preview-b3c37142.js                                                    0.90 kB │ gzip:   0.59 kB │ map:     2.99 kB
../../../../var/folders/tx/68x7nyyx5c34x6th539mlx680000gn/T/chromatic--10311-wd0QanQ7NeWr/assets/jsx-runtime-91a467a5.js                                                1.02 kB │ gzip:   0.64 kB │ map:     2.35 kB
../../../../var/folders/tx/68x7nyyx5c34x6th539mlx680000gn/T/chromatic--10311-wd0QanQ7NeWr/assets/Header.stories-8f62cf90.js                                             1.06 kB │ gzip:   0.55 kB │ map:     0.11 kB
../../../../var/folders/tx/68x7nyyx5c34x6th539mlx680000gn/T/chromatic--10311-wd0QanQ7NeWr/assets/StoryLinkWrapper-c2a9d9d7.js                                           1.11 kB │ gzip:   0.52 kB │ map:     1.94 kB
../../../../var/folders/tx/68x7nyyx5c34x6th539mlx680000gn/T/chromatic--10311-wd0QanQ7NeWr/assets/animation-c39d735b.js                                                  1.24 kB │ gzip:   0.43 kB │ map:     2.20 kB
../../../../var/folders/tx/68x7nyyx5c34x6th539mlx680000gn/T/chromatic--10311-wd0QanQ7NeWr/assets/styles-8f05f8bd.js                                                     1.31 kB │ gzip:   0.80 kB │ map:    18.51 kB
../../../../var/folders/tx/68x7nyyx5c34x6th539mlx680000gn/T/chromatic--10311-wd0QanQ7NeWr/assets/DocsRenderer-NNNQARDV-57dce7eb.js                                      1.39 kB │ gzip:   0.76 kB │ map:     2.68 kB
../../../../var/folders/tx/68x7nyyx5c34x6th539mlx680000gn/T/chromatic--10311-wd0QanQ7NeWr/assets/Button-620ae38a.js                                                     1.51 kB │ gzip:   0.71 kB │ map:     2.05 kB
../../../../var/folders/tx/68x7nyyx5c34x6th539mlx680000gn/T/chromatic--10311-wd0QanQ7NeWr/assets/Button.stories-b022bb0d.js                                             1.71 kB │ gzip:   0.67 kB │ map:     0.13 kB
../../../../var/folders/tx/68x7nyyx5c34x6th539mlx680000gn/T/chromatic--10311-wd0QanQ7NeWr/assets/Header-ed9778ec.js                                                     1.73 kB │ gzip:   0.85 kB │ map:     3.18 kB
../../../../var/folders/tx/68x7nyyx5c34x6th539mlx680000gn/T/chromatic--10311-wd0QanQ7NeWr/assets/chunk-AY7I2SME-5eb1ab46.js                                             1.87 kB │ gzip:   1.02 kB │ map:     8.94 kB
../../../../var/folders/tx/68x7nyyx5c34x6th539mlx680000gn/T/chromatic--10311-wd0QanQ7NeWr/assets/index-d37d4223.js                                                      2.63 kB │ gzip:   1.30 kB │ map:     7.49 kB
../../../../var/folders/tx/68x7nyyx5c34x6th539mlx680000gn/T/chromatic--10311-wd0QanQ7NeWr/assets/Icon.stories-1245d971.js                                               3.22 kB │ gzip:   1.28 kB │ map:     0.14 kB
../../../../var/folders/tx/68x7nyyx5c34x6th539mlx680000gn/T/chromatic--10311-wd0QanQ7NeWr/assets/preview-108c1c3c.js                                                    3.26 kB │ gzip:   1.41 kB │ map:    10.14 kB
../../../../var/folders/tx/68x7nyyx5c34x6th539mlx680000gn/T/chromatic--10311-wd0QanQ7NeWr/assets/Badge.stories-e79ed05e.js                                              4.86 kB │ gzip:   1.60 kB │ map:     2.72 kB
../../../../var/folders/tx/68x7nyyx5c34x6th539mlx680000gn/T/chromatic--10311-wd0QanQ7NeWr/assets/Avatar.stories-c44bb6d0.js                                             6.32 kB │ gzip:   2.14 kB │ map:     5.92 kB
../../../../var/folders/tx/68x7nyyx5c34x6th539mlx680000gn/T/chromatic--10311-wd0QanQ7NeWr/assets/index-8db94870.js                                                      7.21 kB │ gzip:   2.95 kB │ map:    15.74 kB
../../../../var/folders/tx/68x7nyyx5c34x6th539mlx680000gn/T/chromatic--10311-wd0QanQ7NeWr/assets/Link.stories-acd66726.js                                               7.23 kB │ gzip:   2.30 kB │ map:     6.75 kB
../../../../var/folders/tx/68x7nyyx5c34x6th539mlx680000gn/T/chromatic--10311-wd0QanQ7NeWr/assets/iframe-f5e6016d.js                                                     7.41 kB │ gzip:   1.98 kB │ map:     6.41 kB
../../../../var/folders/tx/68x7nyyx5c34x6th539mlx680000gn/T/chromatic--10311-wd0QanQ7NeWr/assets/preview-b8d6c68d.js                                                    7.67 kB │ gzip:   1.59 kB │ map:    13.77 kB
../../../../var/folders/tx/68x7nyyx5c34x6th539mlx680000gn/T/chromatic--10311-wd0QanQ7NeWr/assets/preview-2059b184.js                                                    8.32 kB │ gzip:   3.20 kB │ map:    29.46 kB
../../../../var/folders/tx/68x7nyyx5c34x6th539mlx680000gn/T/chromatic--10311-wd0QanQ7NeWr/assets/polished.esm-b6220ab2.js                                              10.91 kB │ gzip:   3.90 kB │ map:   150.55 kB
../../../../var/folders/tx/68x7nyyx5c34x6th539mlx680000gn/T/chromatic--10311-wd0QanQ7NeWr/assets/Configure-864d2b22.js                                                 17.09 kB │ gzip:   7.77 kB │ map:    26.90 kB
../../../../var/folders/tx/68x7nyyx5c34x6th539mlx680000gn/T/chromatic--10311-wd0QanQ7NeWr/assets/emotion-react-jsx-runtime.browser.esm-192784af.js                     17.55 kB │ gzip:   7.09 kB │ map:   107.53 kB
../../../../var/folders/tx/68x7nyyx5c34x6th539mlx680000gn/T/chromatic--10311-wd0QanQ7NeWr/assets/preview-cfb5d776.js                                                   21.12 kB │ gzip:   7.00 kB │ map:    68.30 kB
../../../../var/folders/tx/68x7nyyx5c34x6th539mlx680000gn/T/chromatic--10311-wd0QanQ7NeWr/assets/Button.stories-467f358a.js                                            22.42 kB │ gzip:   3.90 kB │ map:    15.77 kB
../../../../var/folders/tx/68x7nyyx5c34x6th539mlx680000gn/T/chromatic--10311-wd0QanQ7NeWr/assets/Color-6VNJS4EI-0d276412.js                                            31.11 kB │ gzip:  11.69 kB │ map:   112.74 kB
../../../../var/folders/tx/68x7nyyx5c34x6th539mlx680000gn/T/chromatic--10311-wd0QanQ7NeWr/assets/Icon-c9a2a259.js                                                     140.39 kB │ gzip:  51.55 kB │ map:   155.95 kB
../../../../var/folders/tx/68x7nyyx5c34x6th539mlx680000gn/T/chromatic--10311-wd0QanQ7NeWr/assets/index-d7375a6d.js                                                    212.78 kB │ gzip:  66.50 kB │ map:   654.80 kB
../../../../var/folders/tx/68x7nyyx5c34x6th539mlx680000gn/T/chromatic--10311-wd0QanQ7NeWr/assets/config-6e9892c8.js                                                   213.48 kB │ gzip:  66.38 kB │ map:   802.70 kB
../../../../var/folders/tx/68x7nyyx5c34x6th539mlx680000gn/T/chromatic--10311-wd0QanQ7NeWr/assets/Page.stories-a2c8d35e.js                                             368.22 kB │ gzip:  83.68 kB │ map: 1,331.20 kB
../../../../var/folders/tx/68x7nyyx5c34x6th539mlx680000gn/T/chromatic--10311-wd0QanQ7NeWr/assets/index-96ae2f72.js                                                    523.53 kB │ gzip: 170.84 kB │ map: 1,398.51 kB
../../../../var/folders/tx/68x7nyyx5c34x6th539mlx680000gn/T/chromatic--10311-wd0QanQ7NeWr/assets/formatter-SWP5E3XI-a839f6cc.js                                       601.70 kB │ gzip: 185.08 kB │ map: 1,314.27 kB

(!) Some chunks are larger than 500 kBs after minification. Consider:
- Using dynamic import() to code-split the application
- Use build.rollupOptions.output.manualChunks to improve chunking: https://rollupjs.org/configuration-options/#output-manualchunks
- Adjust chunk size limit for this warning via build.chunkSizeWarningLimit.
✓ built in 29.01s
info => Preview built (33 s)
info => Output directory: /var/folders/tx/68x7nyyx5c34x6th539mlx680000gn/T/chromatic--10311-wd0QanQ7NeWr
Done in 41.99s.
