
Chromatic CLI v9.0.0
https://www.chromatic.com/docs/cli

Authenticating with Chromatic
    → Connecting to https://index.chromatic.com
Authenticated with Chromatic
    → Using project token '****************3d2b'
Retrieving git information
Retrieved git information
    → Commit 'c0d4368' on branch 'main'; no ancestor found
Collecting Storybook metadata
Collected Storybook metadata
    → Storybook 7.5.3 for React; using the @storybook/react-vite builder (7.5.3); supported addons found: Links, Essentials, Interactions
Initializing build
Initialized build
    → Build 1 initialized
Building your Storybook
    → Running command: yarn run build-storybook --output-dir /var/folders/tx/68x7nyyx5c34x6th539mlx680000gn/T/chromatic--10311-wd0QanQ7NeWr
Storybook built in 42 seconds
    → View build log at /Users/aslsilokeransez270/Desktop/learnstorybook-design-system/build-storybook.log
Publish your built Storybook
    → Validating Storybook files
Publishing your built Storybook
    → Retrieving target location
    → Starting publish
    → [                    ] 0%
    → [                    ] 2%
    → [=                   ] 3%
    → [=                   ] 4%
    → [=                   ] 6%
    → [=                   ] 7%
    → [==                  ] 8%
    → [==                  ] 9%
    → [==                  ] 10%
    → [==                  ] 11%
    → [==                  ] 12%
    → [===                 ] 14%
    → [===                 ] 15%
    → [===                 ] 16%
    → [====                ] 18%
    → [====                ] 19%
    → [====                ] 20%
    → [====                ] 21%
    → [====                ] 22%
    → [=====               ] 23%
    → [=====               ] 24%
    → [=====               ] 25%
    → [=====               ] 26%
    → [=====               ] 27%
    → [======              ] 28%
    → [======              ] 29%
    → [======              ] 30%
    → [=======             ] 33%
    → [========            ] 38%
    → [========            ] 40%
    → [========            ] 41%
    → [========            ] 42%
    → [=========           ] 43%
    → [=========           ] 44%
    → [=========           ] 45%
    → [=========           ] 46%
    → [==========          ] 48%
    → [==========          ] 49%
    → [==========          ] 50%
    → [==========          ] 51%
    → [===========         ] 53%
    → [===========         ] 54%
    → [===========         ] 55%
    → [===========         ] 56%
    → [===========         ] 57%
    → [============        ] 58%
    → [============        ] 61%
    → [=============       ] 63%
    → [=============       ] 65%
    → [==============      ] 68%
    → [==============      ] 69%
    → [==============      ] 70%
    → [==============      ] 71%
    → [==============      ] 72%
    → [===============     ] 73%
    → [===============     ] 74%
    → [===============     ] 75%
    → [===============     ] 77%
    → [================    ] 78%
    → [================    ] 79%
    → [================    ] 80%
    → [================    ] 81%
    → [================    ] 82%
    → [=================   ] 83%
    → [=================   ] 84%
    → [=================   ] 85%
    → [=================   ] 86%
    → [=================   ] 87%
    → [==================  ] 88%
    → [==================  ] 89%
    → [==================  ] 90%
    → [==================  ] 92%
    → [=================== ] 93%
    → [=================== ] 94%
    → [=================== ] 95%
    → [=================== ] 96%
    → [=================== ] 97%
    → [====================] 98%
    → [====================] 99%
    → [====================] 100%
Publish complete in 36 seconds
    → View your Storybook at https://6550c67cf6ce2f4b68069dc4-rehrhknncw.chromatic.com
Verifying your Storybook
    → This may take a few minutes
Started build 1
    → Continue setup at https://www.chromatic.com/setup?appId=6550c67cf6ce2f4b68069dc4
Running 28 tests
    → This may take a few minutes
ℹ Speed up Continuous Integration
Your project is linked to GitHub so Chromatic will report results there.
This means you can pass the --exit-once-uploaded flag to skip waiting for build results.
Read more here: https://www.chromatic.com/docs/cli#chromatic-options
    → [=                   ] 1/28  Avatar › Standard 
    → [=                   ] 2/28  Avatar › Sizes 
    → [==                  ] 3/28  Avatar › Initials 
    → [===                 ] 4/28  Avatar › Loading 
    → [====                ] 5/28  Avatar › Large 
    → [====                ] 6/28  Badge › all badges 
    → [=====               ] 7/28  Badge › Positive 
    → [======              ] 8/28  Badge › Negative 
    → [======              ] 9/28  Badge › Warning 
    → [=======             ] 10/28  Badge › Neutral 
    → [========            ] 11/28  Badge › Error 
    → [=========           ] 12/28  Badge › with icon 
    → [==========          ] 14/28  Button › button wrapper 
    → [===========         ] 16/28  Icon › Labels 
    → [============        ] 17/28  Icon › no labels 
    → [=============       ] 18/28  Icon › Inline 
    → [==============      ] 19/28  Icon › Block 
    → [===============     ] 21/28  Button › Primary 
    → [================    ] 23/28  Button › Large 
    → [==================  ] 25/28  Header › Logged In 
    → [=================== ] 27/28  Page › Logged Out 
    → [====================] 28/28  Page › Logged In 
✔ Build passed. Welcome to Chromatic!
We found 8 components with 28 stories and took 28 snapshots.
ℹ Please continue setup at https://www.chromatic.com/setup?appId=6550c67cf6ce2f4b68069dc4
Build 1 auto-accepted
    → Tested 28 stories across 8 components; captured 28 snapshots in 3 minutes 16 seconds


